2021-04-07 01:58:27,853 DEBUG    root            Loaded Command Group: ['gcloud', 'config']
2021-04-07 01:58:27,872 DEBUG    root            Loaded Command Group: ['gcloud', 'config', 'config_helper']
2021-04-07 01:58:27,874 DEBUG    root            Running [gcloud.config.config-helper] with arguments: [--format: "json"]
2021-04-07 01:58:27,898 DEBUG    google.auth.transport.requests Making request: GET http://metadata.google.internal/computeMetadata/v1/instance/service-accounts/1054803596720-compute@developer.gserviceaccount.com/?recursive=true
2021-04-07 01:58:27,903 DEBUG    urllib3.connectionpool Starting new HTTP connection (1): metadata.google.internal:80
2021-04-07 01:58:27,906 DEBUG    urllib3.connectionpool http://metadata.google.internal:80 "GET /computeMetadata/v1/instance/service-accounts/1054803596720-compute@developer.gserviceaccount.com/?recursive=true HTTP/1.1" 200 198
2021-04-07 01:58:27,907 DEBUG    google.auth.transport.requests Making request: GET http://metadata.google.internal/computeMetadata/v1/instance/service-accounts/1054803596720-compute@developer.gserviceaccount.com/token
2021-04-07 01:58:27,911 DEBUG    urllib3.connectionpool http://metadata.google.internal:80 "GET /computeMetadata/v1/instance/service-accounts/1054803596720-compute@developer.gserviceaccount.com/token HTTP/1.1" 200 259
2021-04-07 01:58:27,937 INFO     root            Display format: "default json"
2021-04-07 01:58:28,033 INFO     ___FILE_ONLY___ {
  "configuration": {
    "active_configuration": "default",
    "properties": {
      "core": {
        "account": "1054803596720-compute@developer.gserviceaccount.com",
        "disable_usage_reporting": "True",
        "project": "altostrat-sandbox"
      }
    }
  },
  "credential": {
    "access_token": "ya29.c.KpgB-gend6WmkB74EWZkeWBiBr5DFamBEKqH5WakSFeHfgBLhMRw9Q8k4IuZvhCPcZfTfzqLS7ToEwGwEvaRR8Lvef6rIruNrKqyYGP0FR8rGHNgY3OTU2KvL7Gtv1bQaIE6i45zJMmAwfQj979jECQS2eTDocSab5JX5D0R8dXNZLPnsc_DCIPQ_977YVAxTZuQH4qEayKNf74",
    "id_token": "eyJhbGciOiJSUzI1NiIsImtpZCI6ImUxYWMzOWI2Y2NlZGEzM2NjOGNhNDNlOWNiYzE0ZjY2ZmFiODVhNGMiLCJ0eXAiOiJKV1QifQ.eyJhdWQiOiIzMjU1NTk0MDU1OS5hcHBzLmdvb2dsZXVzZXJjb250ZW50LmNvbSIsImF6cCI6IjExNTg1MDY4Njk3OTg3NjE4NzIyMSIsImV4cCI6MTYxNzc2NDMwNywiaWF0IjoxNjE3NzYwNzA3LCJpc3MiOiJodHRwczovL2FjY291bnRzLmdvb2dsZS5jb20iLCJzdWIiOiIxMTU4NTA2ODY5Nzk4NzYxODcyMjEifQ.D7nv0WaDp-9hJiF1yOAEKIan9KEUUJKQ8Yv4vEYYPtWKKHktiB8QTahKpfjNJbLHZbppFEoNvRDO-uliei-thGjmRfE8Rod7SjgpWc5TAHxXLgg40rnQw4NkTOtQ3aikQC_-vBGXTAg5jx7z7xchvuEdZ5hn9RZWgedkOC5aFWPSGQxTCcnSudFeUoqcUI_CFU9SIE-lUHxmLfYFN-aRGZH-OF5N0wTWXZV0MCx-e18he-OGr5v14DXmPUpRbsSH9X3uQPBHGtHY72ASr4A81QuqX4xBF1HNcRAekqpnO8h-PO0YwgN6lsBWU5_3NP8tZwl-4sTV9EBQJ-z4hBtXPQ",
    "token_expiry": "2021-04-07T02:32:51Z"
  },
  "sentinels": {
    "config_sentinel": "/home/jazz405/.config/gcloud/config_sentinel"
  }
}
2021-04-07 01:58:28,033 INFO     ___FILE_ONLY___ 

2021-04-07 01:58:28,034 DEBUG    root            SDK update checks are disabled.
