2021-04-07 01:58:27,855 DEBUG    root            Loaded Command Group: ['gcloud', 'config']
2021-04-07 01:58:27,869 DEBUG    root            Loaded Command Group: ['gcloud', 'config', 'config_helper']
2021-04-07 01:58:27,872 DEBUG    root            Running [gcloud.config.config-helper] with arguments: [--format: "json"]
2021-04-07 01:58:27,898 DEBUG    google.auth.transport.requests Making request: GET http://metadata.google.internal/computeMetadata/v1/instance/service-accounts/1054803596720-compute@developer.gserviceaccount.com/?recursive=true
2021-04-07 01:58:27,903 DEBUG    urllib3.connectionpool Starting new HTTP connection (1): metadata.google.internal:80
2021-04-07 01:58:27,907 DEBUG    urllib3.connectionpool http://metadata.google.internal:80 "GET /computeMetadata/v1/instance/service-accounts/1054803596720-compute@developer.gserviceaccount.com/?recursive=true HTTP/1.1" 200 198
2021-04-07 01:58:27,908 DEBUG    google.auth.transport.requests Making request: GET http://metadata.google.internal/computeMetadata/v1/instance/service-accounts/1054803596720-compute@developer.gserviceaccount.com/token
2021-04-07 01:58:27,912 DEBUG    urllib3.connectionpool http://metadata.google.internal:80 "GET /computeMetadata/v1/instance/service-accounts/1054803596720-compute@developer.gserviceaccount.com/token HTTP/1.1" 200 259
2021-04-07 01:58:28,039 INFO     root            Display format: "default json"
2021-04-07 01:58:28,115 INFO     ___FILE_ONLY___ {
  "configuration": {
    "active_configuration": "default",
    "properties": {
      "core": {
        "account": "1054803596720-compute@developer.gserviceaccount.com",
        "disable_usage_reporting": "True",
        "project": "altostrat-sandbox"
      }
    }
  },
  "credential": {
    "access_token": "ya29.c.KpgB-gend6WmkB74EWZkeWBiBr5DFamBEKqH5WakSFeHfgBLhMRw9Q8k4IuZvhCPcZfTfzqLS7ToEwGwEvaRR8Lvef6rIruNrKqyYGP0FR8rGHNgY3OTU2KvL7Gtv1bQaIE6i45zJMmAwfQj979jECQS2eTDocSab5JX5D0R8dXNZLPnsc_DCIPQ_977YVAxTZuQH4qEayKNf74",
    "id_token": "eyJhbGciOiJSUzI1NiIsImtpZCI6ImUxYWMzOWI2Y2NlZGEzM2NjOGNhNDNlOWNiYzE0ZjY2ZmFiODVhNGMiLCJ0eXAiOiJKV1QifQ.eyJhdWQiOiIzMjU1NTk0MDU1OS5hcHBzLmdvb2dsZXVzZXJjb250ZW50LmNvbSIsImF6cCI6IjExNTg1MDY4Njk3OTg3NjE4NzIyMSIsImV4cCI6MTYxNzc2NDMwOCwiaWF0IjoxNjE3NzYwNzA4LCJpc3MiOiJodHRwczovL2FjY291bnRzLmdvb2dsZS5jb20iLCJzdWIiOiIxMTU4NTA2ODY5Nzk4NzYxODcyMjEifQ.TZCqGEIASvXvLzCaf7K2uJo3RVC3Vkq8FtwBeGZTzb3GXcnWJMk7M3HHAwkI29GIan7lypFCAq69xyHzY1atk77bl08BzyZJca7kLDE7WPJ3e7VpWi41YV4HGTq89pH4eS9fDsKeeVbZnNMhU1zu_p5ftpdYvqFQj-EW2KBRh90oPdsVT5bcwmb9rnVGa4Bpnk7KMiu-lwhEz675lScJv8p15lQfIphYpn1EaSfKwoLVrArYOwjbKURMsrtwYs4c_Nstq6_V_v3CYQ_V4GbRWZ5LkmAKcENZPmSC_MoSoKOKVDDPu8gckXqIV6J3YFkKtSli6oO28SQNbJP-5G5YbA",
    "token_expiry": "2021-04-07T02:32:51Z"
  },
  "sentinels": {
    "config_sentinel": "/home/jazz405/.config/gcloud/config_sentinel"
  }
}
2021-04-07 01:58:28,115 INFO     ___FILE_ONLY___ 

2021-04-07 01:58:28,115 DEBUG    root            SDK update checks are disabled.
