2021-04-07 03:21:32,423 DEBUG    root            Loaded Command Group: ['gcloud', 'config']
2021-04-07 03:21:32,426 DEBUG    root            Loaded Command Group: ['gcloud', 'config', 'config_helper']
2021-04-07 03:21:32,428 DEBUG    root            Running [gcloud.config.config-helper] with arguments: [--format: "json"]
2021-04-07 03:21:32,450 DEBUG    google.auth.transport.requests Making request: GET http://metadata.google.internal/computeMetadata/v1/instance/service-accounts/1054803596720-compute@developer.gserviceaccount.com/?recursive=true
2021-04-07 03:21:32,453 DEBUG    urllib3.connectionpool Starting new HTTP connection (1): metadata.google.internal:80
2021-04-07 03:21:32,457 DEBUG    urllib3.connectionpool http://metadata.google.internal:80 "GET /computeMetadata/v1/instance/service-accounts/1054803596720-compute@developer.gserviceaccount.com/?recursive=true HTTP/1.1" 200 198
2021-04-07 03:21:32,458 DEBUG    google.auth.transport.requests Making request: GET http://metadata.google.internal/computeMetadata/v1/instance/service-accounts/1054803596720-compute@developer.gserviceaccount.com/token
2021-04-07 03:21:32,461 DEBUG    urllib3.connectionpool http://metadata.google.internal:80 "GET /computeMetadata/v1/instance/service-accounts/1054803596720-compute@developer.gserviceaccount.com/token HTTP/1.1" 200 258
2021-04-07 03:21:32,487 INFO     root            Display format: "default json"
2021-04-07 03:21:32,557 INFO     ___FILE_ONLY___ {
  "configuration": {
    "active_configuration": "default",
    "properties": {
      "core": {
        "account": "1054803596720-compute@developer.gserviceaccount.com",
        "disable_usage_reporting": "True",
        "project": "altostrat-sandbox"
      }
    }
  },
  "credential": {
    "access_token": "ya29.c.KpgB-gfehBfcUzqUkvToFUiuwFsd0TJIRu2ZVM9p1kTNNr5HVdUk3w-u5qICpB1EEyIMjf12vI9b7fuNiFQI0vCISKiV2pqzVcKsWAoaC4Pw_FHgzdLJvrpem0Xn36AIDDBzQZCXL9bZVYMUt4T8hIHMHjt6e6xSxZq8Fg2NzSNvYS1ICK1cgo6o1U2z6Vaqdaquk0bHEImhtSk",
    "id_token": "eyJhbGciOiJSUzI1NiIsImtpZCI6ImUxYWMzOWI2Y2NlZGEzM2NjOGNhNDNlOWNiYzE0ZjY2ZmFiODVhNGMiLCJ0eXAiOiJKV1QifQ.eyJhdWQiOiIzMjU1NTk0MDU1OS5hcHBzLmdvb2dsZXVzZXJjb250ZW50LmNvbSIsImF6cCI6IjExNTg1MDY4Njk3OTg3NjE4NzIyMSIsImV4cCI6MTYxNzc2OTI5MiwiaWF0IjoxNjE3NzY1NjkyLCJpc3MiOiJodHRwczovL2FjY291bnRzLmdvb2dsZS5jb20iLCJzdWIiOiIxMTU4NTA2ODY5Nzk4NzYxODcyMjEifQ.D-ReFW7bfCBNsbrlWcMnxaWafwkkgQwdA9oSmtnVd9-DmIsLINJzprp0WwiJz0zqRXoNgzVxcB00max6SBqz7Me9nTdNF_Imgr5AkOHPS29KLIlvwwGTPGaM6CBx2mVx21VsjMPlBNZatxxlpduM9N-Ywj1C_6uHx8ZrceueEqj0Ps5NQAe7iLgOlOg5HUE-Ft9KJ6megHvIa2tVRqY-sZwZTAUva9-WFFdGbYEemv9C0c5IyyiR_9DNjGyzaru3mNCjozLVq9Fc9RpKJIttAkwUfd52ff7BdthggAKy-72cSlnCj5IDX0PxxSRQsEIwJi0E-bl0lxT6IRYHF1IPYQ",
    "token_expiry": "2021-04-07T04:13:22Z"
  },
  "sentinels": {
    "config_sentinel": "/home/jazz405/.config/gcloud/config_sentinel"
  }
}
2021-04-07 03:21:32,557 INFO     ___FILE_ONLY___ 

2021-04-07 03:21:32,558 DEBUG    root            SDK update checks are disabled.
