2021-04-07 03:44:53,865 DEBUG    root            Loaded Command Group: ['gcloud', 'config']
2021-04-07 03:44:53,867 DEBUG    root            Loaded Command Group: ['gcloud', 'config', 'config_helper']
2021-04-07 03:44:53,870 DEBUG    root            Running [gcloud.config.config-helper] with arguments: [--format: "json"]
2021-04-07 03:44:53,889 DEBUG    google.auth.transport.requests Making request: GET http://metadata.google.internal/computeMetadata/v1/instance/service-accounts/1054803596720-compute@developer.gserviceaccount.com/?recursive=true
2021-04-07 03:44:53,892 DEBUG    urllib3.connectionpool Starting new HTTP connection (1): metadata.google.internal:80
2021-04-07 03:44:53,896 DEBUG    urllib3.connectionpool http://metadata.google.internal:80 "GET /computeMetadata/v1/instance/service-accounts/1054803596720-compute@developer.gserviceaccount.com/?recursive=true HTTP/1.1" 200 198
2021-04-07 03:44:53,897 DEBUG    google.auth.transport.requests Making request: GET http://metadata.google.internal/computeMetadata/v1/instance/service-accounts/1054803596720-compute@developer.gserviceaccount.com/token
2021-04-07 03:44:53,901 DEBUG    urllib3.connectionpool http://metadata.google.internal:80 "GET /computeMetadata/v1/instance/service-accounts/1054803596720-compute@developer.gserviceaccount.com/token HTTP/1.1" 200 259
2021-04-07 03:44:53,927 INFO     root            Display format: "default json"
2021-04-07 03:44:53,995 INFO     ___FILE_ONLY___ {
  "configuration": {
    "active_configuration": "default",
    "properties": {
      "core": {
        "account": "1054803596720-compute@developer.gserviceaccount.com",
        "disable_usage_reporting": "True",
        "project": "altostrat-sandbox"
      }
    }
  },
  "credential": {
    "access_token": "ya29.c.KpgB-geMxC0vpTOL_7qh4Tb6kIlnOy_JRFh2X7noYshg7edIgjNWKSbpr7-GxGHMrqiPvlVVeo1zbSe2JMvaDzIR9gnXyU-Of5fFYfYdrQgz1hkuFJJbTvgPGQrRYOG0yrCr7JxdLbA30uA-t5wFYD-g8-Fsxgh29pk0vCmN7_vR8LciNqCZL1QoanHrirOMgMRwvVZEZB2UuuY",
    "id_token": "eyJhbGciOiJSUzI1NiIsImtpZCI6ImUxYWMzOWI2Y2NlZGEzM2NjOGNhNDNlOWNiYzE0ZjY2ZmFiODVhNGMiLCJ0eXAiOiJKV1QifQ.eyJhdWQiOiIzMjU1NTk0MDU1OS5hcHBzLmdvb2dsZXVzZXJjb250ZW50LmNvbSIsImF6cCI6IjExNTg1MDY4Njk3OTg3NjE4NzIyMSIsImV4cCI6MTYxNzc3MDY5MywiaWF0IjoxNjE3NzY3MDkzLCJpc3MiOiJodHRwczovL2FjY291bnRzLmdvb2dsZS5jb20iLCJzdWIiOiIxMTU4NTA2ODY5Nzk4NzYxODcyMjEifQ.BKLDYocRwdTLfXlqFCgjho6qeFHJVguLl4UbAmaSnWkKOg5lGXc2RwUCksDZwdnnk8LlJs9SrNMGMEu6V1ev2xkuJNn04urHbkaqd8D-F0z5HrynX0Yi7cCFuZCkKFVAnWo8WQSkUjqlJvbeBIzAMVwPXUjQzm_O7Kss5Xo6SOYpf0roU556M-D7yEWpami7cZYoZdbvTcVtfjQTE1tRNw-cZZbagxNrtBPGkXpXmQWqTBZdg-cuAFJ8mmiQc8GT8Dg1A0_oiqez_Vq33NcQMaMexKxJHUjRfrM6SdN5LnPgb9AApgdbBdeJy7jE294iP1vbOnqkiv52eGtH7igowA",
    "token_expiry": "2021-04-07T04:38:25Z"
  },
  "sentinels": {
    "config_sentinel": "/home/jazz405/.config/gcloud/config_sentinel"
  }
}
2021-04-07 03:44:53,995 INFO     ___FILE_ONLY___ 

2021-04-07 03:44:53,996 DEBUG    root            SDK update checks are disabled.
