2021-04-07 03:44:53,876 DEBUG    root            Loaded Command Group: ['gcloud', 'config']
2021-04-07 03:44:53,878 DEBUG    root            Loaded Command Group: ['gcloud', 'config', 'config_helper']
2021-04-07 03:44:53,881 DEBUG    root            Running [gcloud.config.config-helper] with arguments: [--format: "json"]
2021-04-07 03:44:53,897 DEBUG    google.auth.transport.requests Making request: GET http://metadata.google.internal/computeMetadata/v1/instance/service-accounts/1054803596720-compute@developer.gserviceaccount.com/?recursive=true
2021-04-07 03:44:53,900 DEBUG    urllib3.connectionpool Starting new HTTP connection (1): metadata.google.internal:80
2021-04-07 03:44:53,903 DEBUG    urllib3.connectionpool http://metadata.google.internal:80 "GET /computeMetadata/v1/instance/service-accounts/1054803596720-compute@developer.gserviceaccount.com/?recursive=true HTTP/1.1" 200 198
2021-04-07 03:44:53,904 DEBUG    google.auth.transport.requests Making request: GET http://metadata.google.internal/computeMetadata/v1/instance/service-accounts/1054803596720-compute@developer.gserviceaccount.com/token
2021-04-07 03:44:53,907 DEBUG    urllib3.connectionpool http://metadata.google.internal:80 "GET /computeMetadata/v1/instance/service-accounts/1054803596720-compute@developer.gserviceaccount.com/token HTTP/1.1" 200 259
2021-04-07 03:44:54,027 INFO     root            Display format: "default json"
2021-04-07 03:44:54,098 INFO     ___FILE_ONLY___ {
  "configuration": {
    "active_configuration": "default",
    "properties": {
      "core": {
        "account": "1054803596720-compute@developer.gserviceaccount.com",
        "disable_usage_reporting": "True",
        "project": "altostrat-sandbox"
      }
    }
  },
  "credential": {
    "access_token": "ya29.c.KpgB-geMxC0vpTOL_7qh4Tb6kIlnOy_JRFh2X7noYshg7edIgjNWKSbpr7-GxGHMrqiPvlVVeo1zbSe2JMvaDzIR9gnXyU-Of5fFYfYdrQgz1hkuFJJbTvgPGQrRYOG0yrCr7JxdLbA30uA-t5wFYD-g8-Fsxgh29pk0vCmN7_vR8LciNqCZL1QoanHrirOMgMRwvVZEZB2UuuY",
    "id_token": "eyJhbGciOiJSUzI1NiIsImtpZCI6ImUxYWMzOWI2Y2NlZGEzM2NjOGNhNDNlOWNiYzE0ZjY2ZmFiODVhNGMiLCJ0eXAiOiJKV1QifQ.eyJhdWQiOiIzMjU1NTk0MDU1OS5hcHBzLmdvb2dsZXVzZXJjb250ZW50LmNvbSIsImF6cCI6IjExNTg1MDY4Njk3OTg3NjE4NzIyMSIsImV4cCI6MTYxNzc3MDY5NCwiaWF0IjoxNjE3NzY3MDk0LCJpc3MiOiJodHRwczovL2FjY291bnRzLmdvb2dsZS5jb20iLCJzdWIiOiIxMTU4NTA2ODY5Nzk4NzYxODcyMjEifQ.DdMd34GK4C_O_VPHXR94CD2kBYis6tOvgU1tt6p-ePUhU5M6f5-tSSfxir9pYpubH5DLnHBagfGv5bxpHa6VuQhGp6KzUom2e6wghgxVlDy4zD20xBR2CFagh9dbD8_X6l0iobxEtZzmiUKwP89oXuAtZPIGR28A76_YL9Dl5sa15--H8VMUfC4ur7g16mn7SjSaKt5LbjefEno7nVEwIFvIejNH80ykc7cNzzGqef-rciY0DS7WYG35NdrKO9tGcqvvU2Yq8pJS2LVdiRFfFCztXTkgZ45m0E8ZSe8gH_JbhK-6jn7iVsdDYsc7oZnt_DwA_l979Wc8MWyZuqBnIA",
    "token_expiry": "2021-04-07T04:38:25Z"
  },
  "sentinels": {
    "config_sentinel": "/home/jazz405/.config/gcloud/config_sentinel"
  }
}
2021-04-07 03:44:54,098 INFO     ___FILE_ONLY___ 

2021-04-07 03:44:54,099 DEBUG    root            SDK update checks are disabled.
