2021-04-07 03:58:14,412 DEBUG    root            Loaded Command Group: ['gcloud', 'config']
2021-04-07 03:58:14,416 DEBUG    root            Loaded Command Group: ['gcloud', 'config', 'config_helper']
2021-04-07 03:58:14,419 DEBUG    root            Running [gcloud.config.config-helper] with arguments: [--format: "json"]
2021-04-07 03:58:14,440 DEBUG    google.auth.transport.requests Making request: GET http://metadata.google.internal/computeMetadata/v1/instance/service-accounts/1054803596720-compute@developer.gserviceaccount.com/?recursive=true
2021-04-07 03:58:14,445 DEBUG    urllib3.connectionpool Starting new HTTP connection (1): metadata.google.internal:80
2021-04-07 03:58:14,451 DEBUG    urllib3.connectionpool http://metadata.google.internal:80 "GET /computeMetadata/v1/instance/service-accounts/1054803596720-compute@developer.gserviceaccount.com/?recursive=true HTTP/1.1" 200 198
2021-04-07 03:58:14,452 DEBUG    google.auth.transport.requests Making request: GET http://metadata.google.internal/computeMetadata/v1/instance/service-accounts/1054803596720-compute@developer.gserviceaccount.com/token
2021-04-07 03:58:14,458 DEBUG    urllib3.connectionpool http://metadata.google.internal:80 "GET /computeMetadata/v1/instance/service-accounts/1054803596720-compute@developer.gserviceaccount.com/token HTTP/1.1" 200 260
2021-04-07 03:58:14,583 INFO     root            Display format: "default json"
2021-04-07 03:58:14,659 INFO     ___FILE_ONLY___ {
  "configuration": {
    "active_configuration": "default",
    "properties": {
      "core": {
        "account": "1054803596720-compute@developer.gserviceaccount.com",
        "disable_usage_reporting": "True",
        "project": "altostrat-sandbox"
      }
    }
  },
  "credential": {
    "access_token": "ya29.c.KpgB-geMxC0vpTOL_7qh4Tb6kIlnOy_JRFh2X7noYshg7edIgjNWKSbpr7-GxGHMrqiPvlVVeo1zbSe2JMvaDzIR9gnXyU-Of5fFYfYdrQgz1hkuFJJbTvgPGQrRYOG0yrCr7JxdLbA30uA-t5wFYD-g8-Fsxgh29pk0vCmN7_vR8LciNqCZL1QoanHrirOMgMRwvVZEZB2UuuY",
    "id_token": "eyJhbGciOiJSUzI1NiIsImtpZCI6ImUxYWMzOWI2Y2NlZGEzM2NjOGNhNDNlOWNiYzE0ZjY2ZmFiODVhNGMiLCJ0eXAiOiJKV1QifQ.eyJhdWQiOiIzMjU1NTk0MDU1OS5hcHBzLmdvb2dsZXVzZXJjb250ZW50LmNvbSIsImF6cCI6IjExNTg1MDY4Njk3OTg3NjE4NzIyMSIsImV4cCI6MTYxNzc3MTQ5NCwiaWF0IjoxNjE3NzY3ODk0LCJpc3MiOiJodHRwczovL2FjY291bnRzLmdvb2dsZS5jb20iLCJzdWIiOiIxMTU4NTA2ODY5Nzk4NzYxODcyMjEifQ.LcWEbOtJP5w6Yp0BIrq5DWgXXc4rRNkFdc_Botisk8UzPkkn957xgkImGLZh8Rvff1GOma1gmwdKeFOBXPNjx8DY2SO0lNnzzpFHm7kmv7I5cdR5IcbXSe9xyqGcOX7UsJTUBTGbY1NCYKvk3j0Bw6ULRptosBIgxe1eRp4O0_c8go5f53ZSQZawgY66lf9azTokkR-claMVj88E-aMgmG2I-pJ1sSc0L8VY_ZhHSwdVSE5Q7OQOGbHXcmdBcTML2z5UxONGd3s3zSFbQAXHPpRzLWxW6X6ls4mxoboQSeiEKgqcyALJFDR0estFpeMjcXwnxgEON8LfgcIYwf49SQ",
    "token_expiry": "2021-04-07T04:38:25Z"
  },
  "sentinels": {
    "config_sentinel": "/home/jazz405/.config/gcloud/config_sentinel"
  }
}
2021-04-07 03:58:14,659 INFO     ___FILE_ONLY___ 

2021-04-07 03:58:14,660 DEBUG    root            SDK update checks are disabled.
