2021-04-07 16:15:49,670 DEBUG    root            Loaded Command Group: ['gcloud', 'config']
2021-04-07 16:15:49,673 DEBUG    root            Loaded Command Group: ['gcloud', 'config', 'config_helper']
2021-04-07 16:15:49,676 DEBUG    root            Running [gcloud.config.config-helper] with arguments: [--format: "json"]
2021-04-07 16:15:49,697 DEBUG    google.auth.transport.requests Making request: GET http://metadata.google.internal/computeMetadata/v1/instance/service-accounts/1054803596720-compute@developer.gserviceaccount.com/?recursive=true
2021-04-07 16:15:49,701 DEBUG    urllib3.connectionpool Starting new HTTP connection (1): metadata.google.internal:80
2021-04-07 16:15:49,704 DEBUG    urllib3.connectionpool http://metadata.google.internal:80 "GET /computeMetadata/v1/instance/service-accounts/1054803596720-compute@developer.gserviceaccount.com/?recursive=true HTTP/1.1" 200 198
2021-04-07 16:15:49,705 DEBUG    google.auth.transport.requests Making request: GET http://metadata.google.internal/computeMetadata/v1/instance/service-accounts/1054803596720-compute@developer.gserviceaccount.com/token
2021-04-07 16:15:49,708 DEBUG    urllib3.connectionpool http://metadata.google.internal:80 "GET /computeMetadata/v1/instance/service-accounts/1054803596720-compute@developer.gserviceaccount.com/token HTTP/1.1" 200 258
2021-04-07 16:15:49,836 INFO     root            Display format: "default json"
2021-04-07 16:15:49,905 INFO     ___FILE_ONLY___ {
  "configuration": {
    "active_configuration": "default",
    "properties": {
      "core": {
        "account": "1054803596720-compute@developer.gserviceaccount.com",
        "disable_usage_reporting": "True",
        "project": "altostrat-sandbox"
      }
    }
  },
  "credential": {
    "access_token": "ya29.c.KpgB-ge1-UtSMbdnEJC2c2S1InoAXHQCwtGRe18iMkJ-MSrePr60PbgZg_lV08ZUfucJW58ey4C8W4fzRIHkxH2hK5_OMNrk04L1hHiXRKsTGfooDuGOIH0P2eyA8lEK6HBM2S2un1k1pelLp8atqlTuAPr8KJDrLMRO5Y1NBW_TTch4I9IF-PhyPt3LRzT3R75_KD9agf-iIQM",
    "id_token": "eyJhbGciOiJSUzI1NiIsImtpZCI6ImUxYWMzOWI2Y2NlZGEzM2NjOGNhNDNlOWNiYzE0ZjY2ZmFiODVhNGMiLCJ0eXAiOiJKV1QifQ.eyJhdWQiOiIzMjU1NTk0MDU1OS5hcHBzLmdvb2dsZXVzZXJjb250ZW50LmNvbSIsImF6cCI6IjExNTg1MDY4Njk3OTg3NjE4NzIyMSIsImV4cCI6MTYxNzgxNTc0OSwiaWF0IjoxNjE3ODEyMTQ5LCJpc3MiOiJodHRwczovL2FjY291bnRzLmdvb2dsZS5jb20iLCJzdWIiOiIxMTU4NTA2ODY5Nzk4NzYxODcyMjEifQ.EUOOmFShSZ6x-wk1dplaflitVLLYGN4pAXSb5UZdSbGjWSctU4aTr8KNJSHhbnCCG4jqM7h9eSNZ_teQV66N9b2v1A8FYy5EgI8BseQ-xwdzy7s8NJ_L9c12ZR4Fj6gIOBdgejTPFjVqpOLQN0JZ-eJ7HkV_qbbZ7PtPkO8ekaPmf1qy5_Vk_oHbIpQTswu5FYOaAqTpul8-rl7g4BZfT4_xFo18pHKoaLC0h00tbfKd1V0lIt4aOEjAlq89ahTBdecU9xe6YNXmgqdSa28bYlBDWaoU1t2gq3A-d9nNRR2J0xlIvpw0ZvxL1z8JCxSH9hcGVKgNlx_gsjxdoxisQA",
    "token_expiry": "2021-04-07T16:58:54Z"
  },
  "sentinels": {
    "config_sentinel": "/home/jazz405/.config/gcloud/config_sentinel"
  }
}
2021-04-07 16:15:49,905 INFO     ___FILE_ONLY___ 

2021-04-07 16:15:49,906 DEBUG    root            SDK update checks are disabled.
