2021-04-07 16:38:18,985 DEBUG    root            Loaded Command Group: ['gcloud', 'config']
2021-04-07 16:38:18,988 DEBUG    root            Loaded Command Group: ['gcloud', 'config', 'config_helper']
2021-04-07 16:38:18,990 DEBUG    root            Running [gcloud.config.config-helper] with arguments: [--format: "json"]
2021-04-07 16:38:19,007 DEBUG    google.auth.transport.requests Making request: GET http://metadata.google.internal/computeMetadata/v1/instance/service-accounts/1054803596720-compute@developer.gserviceaccount.com/?recursive=true
2021-04-07 16:38:19,010 DEBUG    urllib3.connectionpool Starting new HTTP connection (1): metadata.google.internal:80
2021-04-07 16:38:19,013 DEBUG    urllib3.connectionpool http://metadata.google.internal:80 "GET /computeMetadata/v1/instance/service-accounts/1054803596720-compute@developer.gserviceaccount.com/?recursive=true HTTP/1.1" 200 198
2021-04-07 16:38:19,014 DEBUG    google.auth.transport.requests Making request: GET http://metadata.google.internal/computeMetadata/v1/instance/service-accounts/1054803596720-compute@developer.gserviceaccount.com/token
2021-04-07 16:38:19,018 DEBUG    urllib3.connectionpool http://metadata.google.internal:80 "GET /computeMetadata/v1/instance/service-accounts/1054803596720-compute@developer.gserviceaccount.com/token HTTP/1.1" 200 259
2021-04-07 16:38:19,037 INFO     root            Display format: "default json"
2021-04-07 16:38:19,109 INFO     ___FILE_ONLY___ {
  "configuration": {
    "active_configuration": "default",
    "properties": {
      "core": {
        "account": "1054803596720-compute@developer.gserviceaccount.com",
        "disable_usage_reporting": "True",
        "project": "altostrat-sandbox"
      }
    }
  },
  "credential": {
    "access_token": "ya29.c.KpgB-gcl3aCdkHtorWw-gopnq4nUoUK2hD4ex6Gobxa2_rkl52OzixZPpqj_1U7iWhCMRvrdC4kWwwqL2uvq-xxfJsHEKE3cgnkhrKWevl7FKfSW0-CeEwCcg8Cc1dSAPf95v0hiDwNoQ-uvuqHdSd92mOrVRayr1Qzg4MO918OAJsjWrVIz1NFwaLFj6m060NgTowZ4Fvz78Pg",
    "id_token": "eyJhbGciOiJSUzI1NiIsImtpZCI6ImUxYWMzOWI2Y2NlZGEzM2NjOGNhNDNlOWNiYzE0ZjY2ZmFiODVhNGMiLCJ0eXAiOiJKV1QifQ.eyJhdWQiOiIzMjU1NTk0MDU1OS5hcHBzLmdvb2dsZXVzZXJjb250ZW50LmNvbSIsImF6cCI6IjExNTg1MDY4Njk3OTg3NjE4NzIyMSIsImV4cCI6MTYxNzgxNzA5OSwiaWF0IjoxNjE3ODEzNDk5LCJpc3MiOiJodHRwczovL2FjY291bnRzLmdvb2dsZS5jb20iLCJzdWIiOiIxMTU4NTA2ODY5Nzk4NzYxODcyMjEifQ.MCx9h_oqvZ711hVUdg3zfE9OSoUH1p4MdLz9T7-0w1l_EDrenc6fVRFgL7BTBPIHcRjTdHJpfGa5Q1bylj37TjCq2N0wZVZ-xKRgGwwpq-knE2USMiDjLKhD6FCN_gb_cgtLe9dtNVWr3-urtY0g61b9D9vAVcuIhTjMPPG0-ZIUpW9NRKqbhoY8pv504jJ-Uup_NavcxhLAwPnZ3Q9nru7MXYtEClCRSeUZFtVUz34TlJW3_DdrceDXIT86uYj8ArnncqpdumZScKfrA2LB4bqFt9RnZ6DhZ5VcGpmSB4gwLNDT3iOA_SKVKrd-BVicE6b1oolV-NU3B0sKhe602g",
    "token_expiry": "2021-04-07T17:25:44Z"
  },
  "sentinels": {
    "config_sentinel": "/home/jazz405/.config/gcloud/config_sentinel"
  }
}
2021-04-07 16:38:19,109 INFO     ___FILE_ONLY___ 

2021-04-07 16:38:19,110 DEBUG    root            SDK update checks are disabled.
