2021-04-07 16:41:23,428 DEBUG    root            Loaded Command Group: ['gcloud', 'config']
2021-04-07 16:41:23,430 DEBUG    root            Loaded Command Group: ['gcloud', 'config', 'config_helper']
2021-04-07 16:41:23,433 DEBUG    root            Running [gcloud.config.config-helper] with arguments: [--format: "json"]
2021-04-07 16:41:23,449 DEBUG    google.auth.transport.requests Making request: GET http://metadata.google.internal/computeMetadata/v1/instance/service-accounts/1054803596720-compute@developer.gserviceaccount.com/?recursive=true
2021-04-07 16:41:23,452 DEBUG    urllib3.connectionpool Starting new HTTP connection (1): metadata.google.internal:80
2021-04-07 16:41:23,456 DEBUG    urllib3.connectionpool http://metadata.google.internal:80 "GET /computeMetadata/v1/instance/service-accounts/1054803596720-compute@developer.gserviceaccount.com/?recursive=true HTTP/1.1" 200 198
2021-04-07 16:41:23,457 DEBUG    google.auth.transport.requests Making request: GET http://metadata.google.internal/computeMetadata/v1/instance/service-accounts/1054803596720-compute@developer.gserviceaccount.com/token
2021-04-07 16:41:23,460 DEBUG    urllib3.connectionpool http://metadata.google.internal:80 "GET /computeMetadata/v1/instance/service-accounts/1054803596720-compute@developer.gserviceaccount.com/token HTTP/1.1" 200 259
2021-04-07 16:41:23,582 INFO     root            Display format: "default json"
2021-04-07 16:41:23,649 INFO     ___FILE_ONLY___ {
  "configuration": {
    "active_configuration": "default",
    "properties": {
      "core": {
        "account": "1054803596720-compute@developer.gserviceaccount.com",
        "disable_usage_reporting": "True",
        "project": "altostrat-sandbox"
      }
    }
  },
  "credential": {
    "access_token": "ya29.c.KpgB-gcl3aCdkHtorWw-gopnq4nUoUK2hD4ex6Gobxa2_rkl52OzixZPpqj_1U7iWhCMRvrdC4kWwwqL2uvq-xxfJsHEKE3cgnkhrKWevl7FKfSW0-CeEwCcg8Cc1dSAPf95v0hiDwNoQ-uvuqHdSd92mOrVRayr1Qzg4MO918OAJsjWrVIz1NFwaLFj6m060NgTowZ4Fvz78Pg",
    "id_token": "eyJhbGciOiJSUzI1NiIsImtpZCI6ImUxYWMzOWI2Y2NlZGEzM2NjOGNhNDNlOWNiYzE0ZjY2ZmFiODVhNGMiLCJ0eXAiOiJKV1QifQ.eyJhdWQiOiIzMjU1NTk0MDU1OS5hcHBzLmdvb2dsZXVzZXJjb250ZW50LmNvbSIsImF6cCI6IjExNTg1MDY4Njk3OTg3NjE4NzIyMSIsImV4cCI6MTYxNzgxNzI4MywiaWF0IjoxNjE3ODEzNjgzLCJpc3MiOiJodHRwczovL2FjY291bnRzLmdvb2dsZS5jb20iLCJzdWIiOiIxMTU4NTA2ODY5Nzk4NzYxODcyMjEifQ.YU32wR3HtdHV3QvRTOMQ3gLkfiVNkq3ZkNuLE-JoFEtr3deWe64i7EPRd215vGynTnj-JiZ8ZIbuPYkt7E-OOuQPpfNLvhxg0xiJbs3617BTgG7bLWhS_-iZDnQcSKk1aI8HyAxa0ZJ9081P3Ekuw606ods3yiYDHhYyO0WuOHEyKeb_LHwyfe54dNUj-SzDUBcpvJD4iBved6Kb_reOu6wgJEyfr2z2Yei78p_hamBtkmknAUQ_EEqByTmB5SAaVqIrqvBkyJB4gE0K84_ysW8MvF2v373YH8CKg3pqvPJJli5TSntH4UPreYZN3b15JHlv8TK5FgFYQqdqHHZKmw",
    "token_expiry": "2021-04-07T17:25:44Z"
  },
  "sentinels": {
    "config_sentinel": "/home/jazz405/.config/gcloud/config_sentinel"
  }
}
2021-04-07 16:41:23,649 INFO     ___FILE_ONLY___ 

2021-04-07 16:41:23,650 DEBUG    root            SDK update checks are disabled.
