2021-04-07 16:42:32,178 DEBUG    root            Loaded Command Group: ['gcloud', 'config']
2021-04-07 16:42:32,181 DEBUG    root            Loaded Command Group: ['gcloud', 'config', 'config_helper']
2021-04-07 16:42:32,183 DEBUG    root            Running [gcloud.config.config-helper] with arguments: [--format: "json"]
2021-04-07 16:42:32,199 DEBUG    google.auth.transport.requests Making request: GET http://metadata.google.internal/computeMetadata/v1/instance/service-accounts/1054803596720-compute@developer.gserviceaccount.com/?recursive=true
2021-04-07 16:42:32,202 DEBUG    urllib3.connectionpool Starting new HTTP connection (1): metadata.google.internal:80
2021-04-07 16:42:32,206 DEBUG    urllib3.connectionpool http://metadata.google.internal:80 "GET /computeMetadata/v1/instance/service-accounts/1054803596720-compute@developer.gserviceaccount.com/?recursive=true HTTP/1.1" 200 198
2021-04-07 16:42:32,207 DEBUG    google.auth.transport.requests Making request: GET http://metadata.google.internal/computeMetadata/v1/instance/service-accounts/1054803596720-compute@developer.gserviceaccount.com/token
2021-04-07 16:42:32,210 DEBUG    urllib3.connectionpool http://metadata.google.internal:80 "GET /computeMetadata/v1/instance/service-accounts/1054803596720-compute@developer.gserviceaccount.com/token HTTP/1.1" 200 259
2021-04-07 16:42:32,345 INFO     root            Display format: "default json"
2021-04-07 16:42:32,416 INFO     ___FILE_ONLY___ {
  "configuration": {
    "active_configuration": "default",
    "properties": {
      "core": {
        "account": "1054803596720-compute@developer.gserviceaccount.com",
        "disable_usage_reporting": "True",
        "project": "altostrat-sandbox"
      }
    }
  },
  "credential": {
    "access_token": "ya29.c.KpgB-gcl3aCdkHtorWw-gopnq4nUoUK2hD4ex6Gobxa2_rkl52OzixZPpqj_1U7iWhCMRvrdC4kWwwqL2uvq-xxfJsHEKE3cgnkhrKWevl7FKfSW0-CeEwCcg8Cc1dSAPf95v0hiDwNoQ-uvuqHdSd92mOrVRayr1Qzg4MO918OAJsjWrVIz1NFwaLFj6m060NgTowZ4Fvz78Pg",
    "id_token": "eyJhbGciOiJSUzI1NiIsImtpZCI6ImUxYWMzOWI2Y2NlZGEzM2NjOGNhNDNlOWNiYzE0ZjY2ZmFiODVhNGMiLCJ0eXAiOiJKV1QifQ.eyJhdWQiOiIzMjU1NTk0MDU1OS5hcHBzLmdvb2dsZXVzZXJjb250ZW50LmNvbSIsImF6cCI6IjExNTg1MDY4Njk3OTg3NjE4NzIyMSIsImV4cCI6MTYxNzgxNzM1MiwiaWF0IjoxNjE3ODEzNzUyLCJpc3MiOiJodHRwczovL2FjY291bnRzLmdvb2dsZS5jb20iLCJzdWIiOiIxMTU4NTA2ODY5Nzk4NzYxODcyMjEifQ.MoucWHFsYrzaVNFJvQLW5OSaKi0o9w6iFKu7MqgHqKmmBHWpaqBIYBIamzTIuInqnaUH4EMMFIHa_Ms0exlItaQYriIuoPTN37Nr-ISQfUzx_emotIASYnSAAYJWW5_h9mlfgLYBljXdC4mTpcV9kYbfDI-HnSredURA6eDYyKc675o72rGBwAX3NQY_SLLLYaRe_UuP0PbVOOaGRunjmH9O34mXFmLXy0KF6gTT_g1lB-AsugARBP-2Mstj7hCMRlW27GT_t9N4VttT-4w9qmL2EtZ_mzXoH1OD25xW11UfLQJm6TcRVbkV3u2w-uusDV122tLIAQc-7hABcTTLJQ",
    "token_expiry": "2021-04-07T17:25:44Z"
  },
  "sentinels": {
    "config_sentinel": "/home/jazz405/.config/gcloud/config_sentinel"
  }
}
2021-04-07 16:42:32,416 INFO     ___FILE_ONLY___ 

2021-04-07 16:42:32,417 DEBUG    root            SDK update checks are disabled.
