2021-04-07 21:57:01,202 DEBUG    root            Loaded Command Group: ['gcloud', 'config']
2021-04-07 21:57:01,205 DEBUG    root            Loaded Command Group: ['gcloud', 'config', 'config_helper']
2021-04-07 21:57:01,207 DEBUG    root            Running [gcloud.config.config-helper] with arguments: [--format: "json"]
2021-04-07 21:57:01,222 DEBUG    google.auth.transport.requests Making request: GET http://metadata.google.internal/computeMetadata/v1/instance/service-accounts/1054803596720-compute@developer.gserviceaccount.com/?recursive=true
2021-04-07 21:57:01,225 DEBUG    urllib3.connectionpool Starting new HTTP connection (1): metadata.google.internal:80
2021-04-07 21:57:01,229 DEBUG    urllib3.connectionpool http://metadata.google.internal:80 "GET /computeMetadata/v1/instance/service-accounts/1054803596720-compute@developer.gserviceaccount.com/?recursive=true HTTP/1.1" 200 198
2021-04-07 21:57:01,230 DEBUG    google.auth.transport.requests Making request: GET http://metadata.google.internal/computeMetadata/v1/instance/service-accounts/1054803596720-compute@developer.gserviceaccount.com/token
2021-04-07 21:57:01,234 DEBUG    urllib3.connectionpool http://metadata.google.internal:80 "GET /computeMetadata/v1/instance/service-accounts/1054803596720-compute@developer.gserviceaccount.com/token HTTP/1.1" 200 258
2021-04-07 21:57:01,263 INFO     root            Display format: "default json"
2021-04-07 21:57:01,329 INFO     ___FILE_ONLY___ {
  "configuration": {
    "active_configuration": "default",
    "properties": {
      "core": {
        "account": "1054803596720-compute@developer.gserviceaccount.com",
        "disable_usage_reporting": "True",
        "project": "altostrat-sandbox"
      }
    }
  },
  "credential": {
    "access_token": "ya29.c.KpgB-gdt42si-c0PPXLLI59B8SCbn1tDmRAjZB9OWdKWOp_3UIPy2vDCHYbhNUGw1kPwa6zp0PhoiNI2gc50DPfjLITfIhMD05lXyeB4iXhJbhhjph6Vpbi3SKPtOUlm4grWPj2JG86ymC8aY-cg_iOwxNuQM4TTY4l2R3alA90OwM56vSeTLaiqnxdn3C1hfClcTUJNj2Nr3nk",
    "id_token": "eyJhbGciOiJSUzI1NiIsImtpZCI6ImUxYWMzOWI2Y2NlZGEzM2NjOGNhNDNlOWNiYzE0ZjY2ZmFiODVhNGMiLCJ0eXAiOiJKV1QifQ.eyJhdWQiOiIzMjU1NTk0MDU1OS5hcHBzLmdvb2dsZXVzZXJjb250ZW50LmNvbSIsImF6cCI6IjExNTg1MDY4Njk3OTg3NjE4NzIyMSIsImV4cCI6MTYxNzgzNjIyMSwiaWF0IjoxNjE3ODMyNjIxLCJpc3MiOiJodHRwczovL2FjY291bnRzLmdvb2dsZS5jb20iLCJzdWIiOiIxMTU4NTA2ODY5Nzk4NzYxODcyMjEifQ.dY8wh3HaQhtMLcDplEFPW2DtaBld-FQc-p5xam0ONdkyRQm03blI9SeREZrSjsSeFv82nWnG5oCnOFi5WQIzIODyFwgReoU-ouLG80GuStH7vXRCI1-kDOB241jK4NbA9fBWBA7vh6RMY9CcvfKDOmkDYof8w9lX-s03eNGLWndwG-axSfYeJHhGPOGMmn8CqmBvN5-_1dmrXVCVmE0UaeHtSHOMSymXRNjXQk4uC83hBgdSDgJVbS6WPUexBTuyc01GGUPXGr49hEv0qtEYhx_kOa9uOapNoD9pdMRv1HRNqj4RVfP-Xh648W0KgZ10wJ9aXktOsJSzzvN4JHV5Yw",
    "token_expiry": "2021-04-07T22:53:01Z"
  },
  "sentinels": {
    "config_sentinel": "/home/jazz405/.config/gcloud/config_sentinel"
  }
}
2021-04-07 21:57:01,329 INFO     ___FILE_ONLY___ 

2021-04-07 21:57:01,330 DEBUG    root            SDK update checks are disabled.
