2021-04-08 15:08:25,760 DEBUG    root            Loaded Command Group: ['gcloud', 'config']
2021-04-08 15:08:25,763 DEBUG    root            Loaded Command Group: ['gcloud', 'config', 'config_helper']
2021-04-08 15:08:25,765 DEBUG    root            Running [gcloud.config.config-helper] with arguments: [--format: "json"]
2021-04-08 15:08:25,790 DEBUG    google.auth.transport.requests Making request: GET http://metadata.google.internal/computeMetadata/v1/instance/service-accounts/1054803596720-compute@developer.gserviceaccount.com/?recursive=true
2021-04-08 15:08:25,794 DEBUG    urllib3.connectionpool Starting new HTTP connection (1): metadata.google.internal:80
2021-04-08 15:08:25,799 DEBUG    urllib3.connectionpool http://metadata.google.internal:80 "GET /computeMetadata/v1/instance/service-accounts/1054803596720-compute@developer.gserviceaccount.com/?recursive=true HTTP/1.1" 200 198
2021-04-08 15:08:25,800 DEBUG    google.auth.transport.requests Making request: GET http://metadata.google.internal/computeMetadata/v1/instance/service-accounts/1054803596720-compute@developer.gserviceaccount.com/token
2021-04-08 15:08:25,808 DEBUG    urllib3.connectionpool http://metadata.google.internal:80 "GET /computeMetadata/v1/instance/service-accounts/1054803596720-compute@developer.gserviceaccount.com/token HTTP/1.1" 200 258
2021-04-08 15:08:25,836 INFO     root            Display format: "default json"
2021-04-08 15:08:25,934 INFO     ___FILE_ONLY___ {
  "configuration": {
    "active_configuration": "default",
    "properties": {
      "core": {
        "account": "1054803596720-compute@developer.gserviceaccount.com",
        "disable_usage_reporting": "True",
        "project": "altostrat-sandbox"
      }
    }
  },
  "credential": {
    "access_token": "ya29.c.KpgB-gchsFojJJ_XmHKpKUqzXZQ_KWfj_mprAbYav1sEvHsWyFB5Cq24sRBqosTZWGO7Sak_OznnWwQHV5OL5G1-NKynMJ_uzCyTTqBQvpqVDdR6F6Q2g3pzLhYEWrY9NwriDtRtR4FRBgChEKwB7vkDGOtGLzZM0y573p0osr09bs-mxQCoWjvxKhw55D9c7ViJp2uK934-yfU",
    "id_token": "eyJhbGciOiJSUzI1NiIsImtpZCI6ImUxYWMzOWI2Y2NlZGEzM2NjOGNhNDNlOWNiYzE0ZjY2ZmFiODVhNGMiLCJ0eXAiOiJKV1QifQ.eyJhdWQiOiIzMjU1NTk0MDU1OS5hcHBzLmdvb2dsZXVzZXJjb250ZW50LmNvbSIsImF6cCI6IjExNTg1MDY4Njk3OTg3NjE4NzIyMSIsImV4cCI6MTYxNzg5ODEwNSwiaWF0IjoxNjE3ODk0NTA1LCJpc3MiOiJodHRwczovL2FjY291bnRzLmdvb2dsZS5jb20iLCJzdWIiOiIxMTU4NTA2ODY5Nzk4NzYxODcyMjEifQ.dgbuwlBRFYBikZ4m43mSAY5LUQXuQ5AMKsbf9D0G2bG6oWG5l0eDxQ54WynPp7sIBa5kjnzhqz8V_OFD0mv_ICPpSAhQyWa3hG6fk39GaXp13B0o9WT7nM-a5aVrrsCAOG2-ho3DGsG1CnFyLvpI59jnDKeUXfTGn_rx49asqXJ7XSZaRxA-KX1MxUxjQlIhwRNLydej5JBNcKWmlZDMn87NQqP84mzCUuDpvpRObS1Oy9eSjaPh6nfgqHXowNFE-eAAJ8-dHQoQucMT7Lydmr34zw04t4xgPud12Hsz5NlGs5vMctUath3hu60C62ZMeafLeW_TaVhG24lF1TrCjw",
    "token_expiry": "2021-04-08T16:02:32Z"
  },
  "sentinels": {
    "config_sentinel": "/home/jazz405/.config/gcloud/config_sentinel"
  }
}
2021-04-08 15:08:25,935 INFO     ___FILE_ONLY___ 

2021-04-08 15:08:25,936 DEBUG    root            SDK update checks are disabled.
