2021-04-08 20:07:28,453 DEBUG    root            Loaded Command Group: ['gcloud', 'config']
2021-04-08 20:07:28,456 DEBUG    root            Loaded Command Group: ['gcloud', 'config', 'config_helper']
2021-04-08 20:07:28,459 DEBUG    root            Running [gcloud.config.config-helper] with arguments: [--format: "json"]
2021-04-08 20:07:28,476 DEBUG    google.auth.transport.requests Making request: GET http://metadata.google.internal/computeMetadata/v1/instance/service-accounts/1054803596720-compute@developer.gserviceaccount.com/?recursive=true
2021-04-08 20:07:28,479 DEBUG    urllib3.connectionpool Starting new HTTP connection (1): metadata.google.internal:80
2021-04-08 20:07:28,482 DEBUG    urllib3.connectionpool http://metadata.google.internal:80 "GET /computeMetadata/v1/instance/service-accounts/1054803596720-compute@developer.gserviceaccount.com/?recursive=true HTTP/1.1" 200 198
2021-04-08 20:07:28,483 DEBUG    google.auth.transport.requests Making request: GET http://metadata.google.internal/computeMetadata/v1/instance/service-accounts/1054803596720-compute@developer.gserviceaccount.com/token
2021-04-08 20:07:28,486 DEBUG    urllib3.connectionpool http://metadata.google.internal:80 "GET /computeMetadata/v1/instance/service-accounts/1054803596720-compute@developer.gserviceaccount.com/token HTTP/1.1" 200 259
2021-04-08 20:07:28,606 INFO     root            Display format: "default json"
2021-04-08 20:07:28,673 INFO     ___FILE_ONLY___ {
  "configuration": {
    "active_configuration": "default",
    "properties": {
      "core": {
        "account": "1054803596720-compute@developer.gserviceaccount.com",
        "disable_usage_reporting": "True",
        "project": "altostrat-sandbox"
      }
    }
  },
  "credential": {
    "access_token": "ya29.c.KpgB-wd-iwpHj0WNPV66zaxoCERxUYHY1_WvGmSbOwXKJB7D2M6ZZvHL6DaTLjzu-OJWZNy5X6sGjMG886ylTaYWnlC9Kcyb7YzBBSA3DazTVfr52dPSJ-c9qvz2qMAIdqhz7ZxCs7dCOYa69I75EvZ6-I3dckUQOpTSwjzo5HiU4yDILw4aRXhOgDLHgFWGtqpYwY-dFUhUGQk",
    "id_token": "eyJhbGciOiJSUzI1NiIsImtpZCI6ImUxYWMzOWI2Y2NlZGEzM2NjOGNhNDNlOWNiYzE0ZjY2ZmFiODVhNGMiLCJ0eXAiOiJKV1QifQ.eyJhdWQiOiIzMjU1NTk0MDU1OS5hcHBzLmdvb2dsZXVzZXJjb250ZW50LmNvbSIsImF6cCI6IjExNTg1MDY4Njk3OTg3NjE4NzIyMSIsImV4cCI6MTYxNzkxNjA0OCwiaWF0IjoxNjE3OTEyNDQ4LCJpc3MiOiJodHRwczovL2FjY291bnRzLmdvb2dsZS5jb20iLCJzdWIiOiIxMTU4NTA2ODY5Nzk4NzYxODcyMjEifQ.UOAjLMSJKjinGH-NEkWGqn2l4AWUWqU0hBdvGaiXsmrsWxRWfu8m8Bk4KYGZo3mt_vBWZ2hJX6aqAbkXaqVJ1qO7hmrKQPpHFFBlzPtSnC-yML2qTOiB2w_39zD9DMEq-afwnM8kwNppk7G83sa7-zpG_prqHXSEqz0DaHauDuv8PNAGndP5YOG90KOg5_LorE_4P4Tipg7LFTfmM2KLHz39bXivJiah-Et4EU6MwxZkfKItkOPu3PHy_dPqFaSifcaAqfbCCa2r47QgWvMrilRckaUMnpS7Yo0647eH3SEXZtP2IqB7NgXH1hO7V1P19foTIYabg9ifd1-J5s0oig",
    "token_expiry": "2021-04-08T20:47:58Z"
  },
  "sentinels": {
    "config_sentinel": "/home/jazz405/.config/gcloud/config_sentinel"
  }
}
2021-04-08 20:07:28,673 INFO     ___FILE_ONLY___ 

2021-04-08 20:07:28,674 DEBUG    root            SDK update checks are disabled.
